<?xml version="1.0" encoding="UTF-8"?>
<!-- Generated by org.testng.reporters.JUnitXMLReporter -->
<testsuite ignored="0" hostname="SHREYAS-PC" failures="2" tests="3" name="Default test" time="57.213" errors="0" timestamp="2022-04-14T19:11:05 IST">
  <testcase classname="io.cucumber.testng.AbstractTestNGCucumberTests" name="runScenario" time="45.241">
    <failure type="java.lang.NullPointerException" message="Cannot invoke &amp;quot;org.openqa.selenium.WebDriver.findElement(org.openqa.selenium.By)&amp;quot; because &amp;quot;this.driver&amp;quot; is null">
      <![CDATA[java.lang.NullPointerException: Cannot invoke "org.openqa.selenium.WebDriver.findElement(org.openqa.selenium.By)" because "this.driver" is null
at PageObjects.HomePO.TopDealsPage(HomePO.java:36)
at stepDefinations.Offer.SwitchToWindow(Offer.java:41)
at stepDefinations.Offer.user_searched_for_shortname_in_offers_page(Offer.java:30)
at ✽.user searched for Beet shortname in offers page(file:///C:/Users/DELL/eclipse-workspace/CucmberFrameworks/src/test/java/features/searchProdusct.feature:7)
]]>
    </failure>
  </testcase> <!-- runScenario -->
  <testcase classname="io.cucumber.testng.AbstractTestNGCucumberTests" name="runScenario" time="48.625"/>
  <testcase classname="io.cucumber.testng.AbstractTestNGCucumberTests" name="runScenario" time="53.496">
    <failure type="java.lang.NullPointerException" message="Cannot invoke &amp;quot;org.openqa.selenium.WebDriver.findElement(org.openqa.selenium.By)&amp;quot; because &amp;quot;this.driver&amp;quot; is null">
      <![CDATA[java.lang.NullPointerException: Cannot invoke "org.openqa.selenium.WebDriver.findElement(org.openqa.selenium.By)" because "this.driver" is null
at PageObjects.HomePO.TopDealsPage(HomePO.java:36)
at stepDefinations.Offer.SwitchToWindow(Offer.java:41)
at stepDefinations.Offer.user_searched_for_shortname_in_offers_page(Offer.java:30)
at ✽.user searched for Tom shortname in offers page(file:///C:/Users/DELL/eclipse-workspace/CucmberFrameworks/src/test/java/features/searchProdusct.feature:7)
]]>
    </failure>
  </testcase> <!-- runScenario -->
</testsuite> <!-- Default test -->
