<?xml version="1.0" encoding="UTF-8"?>
<!-- Generated by org.testng.reporters.JUnitReportReporter -->
<testsuite hostname="SHREYAS-PC" failures="0" tests="3" name="TestRunners.FailedTestRunner" time="146.741" errors="2" timestamp="2022-03-31T16:37:49 IST" skipped="0">
  <testcase classname="TestRunners.FailedTestRunner" name="runScenario" time="47.107"/>
  <system-out/>
  <testcase classname="TestRunners.FailedTestRunner" name="runScenario" time="48.726">
    <error message="Cannot invoke &quot;org.openqa.selenium.WebDriver.findElement(org.openqa.selenium.By)&quot; because &quot;this.driver&quot; is null" type="java.lang.NullPointerException">
      <![CDATA[java.lang.NullPointerException: Cannot invoke "org.openqa.selenium.WebDriver.findElement(org.openqa.selenium.By)" because "this.driver" is null
at PageObjects.HomePO.TopDealsPage(HomePO.java:36)
at stepDefinations.Offer.SwitchToWindow(Offer.java:42)
at stepDefinations.Offer.user_searched_for_shortname_in_offers_page(Offer.java:31)
at ✽.user searched for Beet shortname in offers page(file:///C:/Users/DELL/eclipse-workspace/CucmberFrameworks/src/test/java/features/searchProdusct.feature:7)
]]>
    </error>
  </testcase> <!-- runScenario -->
  <system-out/>
  <testcase classname="TestRunners.FailedTestRunner" name="runScenario" time="50.908">
    <error message="Cannot invoke &quot;org.openqa.selenium.WebDriver.findElement(org.openqa.selenium.By)&quot; because &quot;this.driver&quot; is null" type="java.lang.NullPointerException">
      <![CDATA[java.lang.NullPointerException: Cannot invoke "org.openqa.selenium.WebDriver.findElement(org.openqa.selenium.By)" because "this.driver" is null
at PageObjects.HomePO.TopDealsPage(HomePO.java:36)
at stepDefinations.Offer.SwitchToWindow(Offer.java:42)
at stepDefinations.Offer.user_searched_for_shortname_in_offers_page(Offer.java:31)
at ✽.user searched for Tom shortname in offers page(file:///C:/Users/DELL/eclipse-workspace/CucmberFrameworks/src/test/java/features/searchProdusct.feature:7)
]]>
    </error>
  </testcase> <!-- runScenario -->
  <system-out/>
</testsuite> <!-- TestRunners.FailedTestRunner -->
